node:events:486
      throw er; // Unhandled 'error' event
      ^

Error: listen EADDRINUSE: address already in use :::4001
    at Server.setupListenHandle [as _listen2] (node:net:1940:16)
    at listenInCluster (node:net:1997:12)
    at Server.listen (node:net:2102:7)
    at port (file:///C:/Users/VT158145/workspace/nexus/dist/shared/http/app.js:42:24)
    at new Promise (<anonymous>)
    at Object.start (file:///C:/Users/VT158145/workspace/nexus/dist/shared/http/app.js:41:32)
Emitted 'error' event on Server instance at:
    at emitErrorNT (node:net:1976:8)
    at process.processTicksAndRejections (node:internal/process/task_queues:89:21) {
  code: 'EADDRINUSE',
  errno: -4091,
  syscall: 'listen',
  address: '::',
  port: 4001
}

Node.js v24.11.1
